Start testing: Sep 06 02:54 IST
----------------------------------------------------------
1/1 Testing: TEST_CASES
1/1 Test: TEST_CASES
Command: "/Users/sumant/Desktop/nineboy/build/tests/tests"
Directory: /Users/sumant/Desktop/nineboy/build/tests
"TEST_CASES" start time: Sep 06 02:54 IST
Output:
----------------------------------------------------------
[==========] Running 1 test from 1 test suite.
[----------] Global test environment set-up.
[----------] 1 test from PowerTest
[ RUN      ] PowerTest.BasicAssertions
/Users/sumant/Desktop/nineboy/tests/HelloTest.cpp:9: Failure
Expected equality of these values:
  16
  power(3)
    Which is: 8
[  FAILED  ] PowerTest.BasicAssertions (1 ms)
[----------] 1 test from PowerTest (1 ms total)

[----------] Global test environment tear-down
[==========] 1 test from 1 test suite ran. (1 ms total)
[  PASSED  ] 0 tests.
[  FAILED  ] 1 test, listed below:
[  FAILED  ] PowerTest.BasicAssertions

 1 FAILED TEST
<end of output>
Test time =   0.49 sec
----------------------------------------------------------
Test Failed.
"TEST_CASES" end time: Sep 06 02:54 IST
"TEST_CASES" time elapsed: 00:00:00
----------------------------------------------------------

End testing: Sep 06 02:54 IST
