Start testing: Sep 06 02:42 IST
----------------------------------------------------------
1/1 Testing: TEST_CASES
1/1 Test: TEST_CASES
Command: "/Users/sumant/Desktop/nineboy/build/tests/tests"
Directory: /Users/sumant/Desktop/nineboy/build/tests
"TEST_CASES" start time: Sep 06 02:42 IST
Output:
----------------------------------------------------------
[==========] Running 2 tests from 2 test suites.
[----------] Global test environment set-up.
[----------] 1 test from HelloTest
[ RUN      ] HelloTest.BasicAssertions
/Users/sumant/Desktop/nineboy/tests/HelloTest.cpp:7: Failure
Expected equality of these values:
  "hello"
  "world"
[  FAILED  ] HelloTest.BasicAssertions (0 ms)
[----------] 1 test from HelloTest (0 ms total)

[----------] 1 test from SomeTest
[ RUN      ] SomeTest.BasicAssertions
[       OK ] SomeTest.BasicAssertions (0 ms)
[----------] 1 test from SomeTest (0 ms total)

[----------] Global test environment tear-down
[==========] 2 tests from 2 test suites ran. (0 ms total)
[  PASSED  ] 1 test.
[  FAILED  ] 1 test, listed below:
[  FAILED  ] HelloTest.BasicAssertions

 1 FAILED TEST
<end of output>
Test time =   0.48 sec
----------------------------------------------------------
Test Failed.
"TEST_CASES" end time: Sep 06 02:42 IST
"TEST_CASES" time elapsed: 00:00:00
----------------------------------------------------------

End testing: Sep 06 02:42 IST
