<?xml version="1.0" encoding="UTF-8"?>
<Site BuildName="(empty)"
	BuildStamp="20210905-2124-Experimental"
	Name="(empty)"
	Generator="ctest-3.21.2"
	CompilerName=""
	CompilerVersion=""
	OSName="macOS"
	Hostname="Sumants-MacBook-Air.local"
	OSRelease="11.0.1"
	OSVersion="20B29"
	OSPlatform="x86_64"
	Is64Bits="1"
	VendorString="GenuineIntel"
	VendorID="Intel Corporation"
	FamilyID="6"
	ModelID="142"
	ProcessorCacheSize="32768"
	NumberOfLogicalCPU="4"
	NumberOfPhysicalCPU="2"
	TotalVirtualMemory="5120"
	TotalPhysicalMemory="8192"
	LogicalProcessorsPerPhysical="8"
	ProcessorClockFrequency="1600"
	>
	<Testing>
		<StartDateTime>Sep 06 02:54 IST</StartDateTime>
		<StartTestTime>1630877078</StartTestTime>
		<TestList>
			<Test>./tests/TEST_CASES</Test>
		</TestList>
		<Test Status="failed">
			<Name>TEST_CASES</Name>
			<Path>./tests</Path>
			<FullName>./tests/TEST_CASES</FullName>
			<FullCommandLine>/Users/sumant/Desktop/nineboy/build/tests/tests</FullCommandLine>
			<Results>
				<NamedMeasurement type="text/string" name="Exit Code">
					<Value>Failed</Value>
				</NamedMeasurement>
				<NamedMeasurement type="text/string" name="Exit Value">
					<Value>1</Value>
				</NamedMeasurement>
				<NamedMeasurement type="numeric/double" name="Execution Time">
					<Value>0.490003</Value>
				</NamedMeasurement>
				<NamedMeasurement type="numeric/double" name="Processors">
					<Value>1</Value>
				</NamedMeasurement>
				<NamedMeasurement type="text/string" name="Completion Status">
					<Value>Completed</Value>
				</NamedMeasurement>
				<NamedMeasurement type="text/string" name="Command Line">
					<Value>/Users/sumant/Desktop/nineboy/build/tests/tests</Value>
				</NamedMeasurement>
				<NamedMeasurement type="text/string" name="Environment">
					<Value>#CTEST_RESOURCE_GROUP_COUNT=</Value>
				</NamedMeasurement>
				<Measurement>
					<Value encoding="base64" compression="gzip">eJyNUU1PwzAMvedX+LhJrGVCQlCJQ9E6QEJo2od2qHbIOo9GpEmJnY39e9IVxoYEmg+RnTy/vGfnd4dYwNgbo8wr9IGRGNbOVt85ecUYibx3iAU8aLuUun1Hs1HOmgpNwCL3fP0LfMw5slt001CKHMazF9jH4uc6upekipQIHStrSMSzkFJMvpKG4wHSG9s6DlpxaXdxQ0zxI2pt991FXSe3CQyl0t6hyD5qLBhXgO9easU7sGvgEglhI7VHSgRA/zocdSOgc9UVjZ55qYoSFCVwE2TCMH16zgb/yoROHyrqnuG7RQJblrorzpsqo3S9ld0akR/v7K9dgZMmOv0nuBilk0nr4nKPpejUW8twAVpRM7ElartNzrQvRGj/wk2zyVR8AgI4vRQ=</Value>
				</Measurement>
			</Results>
		</Test>
		<EndDateTime>Sep 06 02:54 IST</EndDateTime>
		<EndTestTime>1630877079</EndTestTime>
		<ElapsedMinutes>0</ElapsedMinutes>
	</Testing>
</Site>
